2021-07-05 06:40:00,517:INFO: Namespace(K_test=27, K_train=27, arch='resnet18', augment=True, batch_size_cluster=256, batch_size_test=128, batch_size_train=128, blur=True, comment='', data_root='datasets/coco/', equiv=True, eval_only=False, eval_path=None, grey=True, h_flip=True, in_dim=128, jitter=True, kmeans_n_iter=20, lr=0.0001, metric_test='cosine', metric_train='cosine', min_scale=0.5, momentum=0.9, mse=False, no_balance=False, num_batches=1, num_epoch=10, num_init_batches=20, num_workers=4, optim_type='Adam', pretrain=True, random_crop=True, repeats=1, res=320, res1=320, res2=640, restart=False, restart_path=None, save_eval_path='results/picie/train/1/augmented/res1=320_res2=640/jitter=True_blur=True_grey=True/equiv/h_flip=True_v_flip=False_crop=True/min_scale\\=0.5/K_train=27_cosine/K_test=27_cosine', save_model_path='results/picie/train/1/augmented/res1=320_res2=640/jitter=True_blur=True_grey=True/equiv/h_flip=True_v_flip=False_crop=True/min_scale\\=0.5/K_train=27_cosine', save_root='results/picie/train/1/augmented/res1=320_res2=640/jitter=True_blur=True_grey=True/equiv/h_flip=True_v_flip=False_crop=True/min_scale\\=0.5', seed=1, stuff=True, thing=True, v_flip=False, val_type='train', weight_decay=0.0005)
2021-07-05 06:40:05,122:INFO: ====== METRIC TEST : cosine ======

2021-07-05 06:40:10,407:INFO: Batch input size   : [128, 3, 320, 320]
2021-07-05 06:40:10,408:INFO: Batch label size   : [128, 320, 320]
2021-07-05 06:40:10,408:INFO: Batch feature size : [128, 128, 80, 80]

2021-07-05 06:40:10,772:INFO: 0/17
2021-07-05 06:40:25,085:INFO: ACC  - All  : 15.9623
2021-07-05 06:40:25,085:INFO: mIOU - All  : 3.2437
2021-07-05 06:40:25,086:INFO: ACC  - Thing: 37.9450
2021-07-05 06:40:25,086:INFO: mIOU - Thing: 6.7283
2021-07-05 06:40:25,086:INFO: ACC  - Stuff: 24.7410
2021-07-05 06:40:25,086:INFO: mIOU - Stuff: 6.9523
2021-07-05 06:40:25,552:INFO: 
============================= [Epoch 0] =============================

2021-07-05 06:40:25,552:INFO: Start computing centroids.
2021-07-05 06:40:43,586:INFO: Batch input size : [256, 3, 320, 320]
2021-07-05 06:40:43,602:INFO: Batch feature : [256, 128, 80, 80]
2021-07-05 06:40:44,307:INFO: [Saving features]: 0 / 194 | [K-Means Loss]: 0.0000
2021-07-05 06:44:12,011:INFO: Initial k-means loss: 0.5062 
2021-07-05 06:50:28,302:INFO: [Saving features]: 100 / 194 | [K-Means Loss]: 0.5074
2021-07-05 06:58:16,990:INFO: Batch input size : [256, 3, 320, 320]
2021-07-05 06:58:16,991:INFO: Batch feature : [256, 128, 80, 80]
2021-07-05 06:58:17,704:INFO: [Saving features]: 0 / 194 | [K-Means Loss]: 0.0000
2021-07-05 07:01:54,036:INFO: Initial k-means loss: 0.4940 
2021-07-05 07:07:05,749:INFO: [Saving features]: 100 / 194 | [K-Means Loss]: 0.4956
2021-07-05 07:13:21,928:INFO: -Centroids ready. [Loss: 0.50735| 0.49559/ Time: 0:0:32:56]

2021-07-05 07:13:41,545:INFO: Centroid size      : [27, 128]
2021-07-05 07:13:41,545:INFO: Batch input size   : [256, 3, 320, 320]
2021-07-05 07:13:41,545:INFO: Batch feature size : [256, 128, 80, 80]

2021-07-05 07:13:42,323:INFO: [Assigning labels] 0 / 194
2021-07-05 07:28:55,979:INFO: Centroid size      : [27, 128]
2021-07-05 07:28:55,980:INFO: Batch input size   : [256, 3, 320, 320]
2021-07-05 07:28:55,980:INFO: Batch feature size : [256, 128, 80, 80]

2021-07-05 07:28:56,504:INFO: [Assigning labels] 0 / 194
2021-07-05 07:42:05,298:INFO: -Cluster labels ready. [0:0:28:44]

2021-07-05 07:42:05,301:INFO: Start training ...
2021-07-05 07:42:23,034:INFO: Batch input size   : [128, 3, 320, 320]
2021-07-05 07:42:23,034:INFO: Batch label size   : [128, 80, 80]
2021-07-05 07:42:23,034:INFO: Batch feature size : [128, 128, 80, 80]

2021-07-05 07:42:24,189:INFO: 0 / 388	
2021-07-05 07:55:38,745:INFO: 200 / 388	
2021-07-05 08:08:05,930:INFO: ====== METRIC TEST : cosine ======

2021-07-05 08:08:11,236:INFO: Batch input size   : [128, 3, 320, 320]
2021-07-05 08:08:11,237:INFO: Batch label size   : [128, 320, 320]
2021-07-05 08:08:11,237:INFO: Batch feature size : [128, 128, 80, 80]

2021-07-05 08:08:11,717:INFO: 0/17
2021-07-05 08:08:32,015:INFO: ACC  - All  : 35.9323
2021-07-05 08:08:32,016:INFO: mIOU - All  : 12.2325
2021-07-05 08:08:32,016:INFO: ACC  - Thing: 49.2293
2021-07-05 08:08:32,016:INFO: mIOU - Thing: 25.4018
2021-07-05 08:08:32,016:INFO: ACC  - Stuff: 57.1938
2021-07-05 08:08:32,016:INFO: mIOU - Stuff: 15.7161
2021-07-05 08:08:32,025:INFO: ====== METRIC TEST : cosine ======

2021-07-05 08:08:37,387:INFO: Batch input size   : [128, 3, 320, 320]
2021-07-05 08:08:37,388:INFO: Batch label size   : [128, 320, 320]
2021-07-05 08:08:37,388:INFO: Batch feature size : [128, 128, 80, 80]

2021-07-05 08:08:37,795:INFO: 0/17
2021-07-05 08:08:56,528:INFO: ACC  - All  : 36.4193
2021-07-05 08:08:56,528:INFO: mIOU - All  : 12.8830
2021-07-05 08:08:56,528:INFO: ACC  - Thing: 52.9679
2021-07-05 08:08:56,528:INFO: mIOU - Thing: 25.4337
2021-07-05 08:08:56,529:INFO: ACC  - Stuff: 56.1861
2021-07-05 08:08:56,529:INFO: mIOU - Stuff: 18.7147
2021-07-05 08:08:56,537:INFO: ============== Epoch [0] ==============
2021-07-05 08:08:56,537:INFO:   Time: [0:1:28:31]
2021-07-05 08:08:56,537:INFO:   K-Means loss   : 0.50735 | 0.49559
2021-07-05 08:08:56,537:INFO:   Training Total Loss  : 3.05606
2021-07-05 08:08:56,537:INFO:   Training CE Loss (Total | Within | Across) : 3.05606 | 3.04419 | 3.06793
2021-07-05 08:08:56,537:INFO:   Training MSE Loss (Total) : 0.00000
2021-07-05 08:08:56,537:INFO:   [View 1] ACC: 35.9323 | mIoU: 12.2325
2021-07-05 08:08:56,538:INFO:   [View 2] ACC: 36.4193 | mIoU: 12.8830
2021-07-05 08:08:56,538:INFO: ========================================

2021-07-05 08:08:57,532:INFO: 
============================= [Epoch 1] =============================

2021-07-05 08:08:57,532:INFO: Start computing centroids.
2021-07-05 08:09:18,145:INFO: Batch input size : [256, 3, 320, 320]
2021-07-05 08:09:18,146:INFO: Batch feature : [256, 128, 80, 80]
2021-07-05 08:09:18,926:INFO: [Saving features]: 0 / 194 | [K-Means Loss]: 0.0000
2021-07-05 08:12:56,959:INFO: Initial k-means loss: 0.2075 
2021-07-05 08:18:52,041:INFO: [Saving features]: 100 / 194 | [K-Means Loss]: 0.2072
2021-07-05 08:26:25,012:INFO: Batch input size : [256, 3, 320, 320]
2021-07-05 08:26:25,013:INFO: Batch feature : [256, 128, 80, 80]
2021-07-05 08:26:25,589:INFO: [Saving features]: 0 / 194 | [K-Means Loss]: 0.0000
2021-07-05 08:29:57,543:INFO: Initial k-means loss: 0.2036 
2021-07-05 08:35:08,772:INFO: [Saving features]: 100 / 194 | [K-Means Loss]: 0.2027
2021-07-05 08:41:26,503:INFO: -Centroids ready. [Loss: 0.20736| 0.20275/ Time: 0:0:32:29]

2021-07-05 08:41:46,297:INFO: Centroid size      : [27, 128]
2021-07-05 08:41:46,297:INFO: Batch input size   : [256, 3, 320, 320]
2021-07-05 08:41:46,298:INFO: Batch feature size : [256, 128, 80, 80]

2021-07-05 08:41:46,958:INFO: [Assigning labels] 0 / 194
2021-07-05 08:57:00,160:INFO: Centroid size      : [27, 128]
2021-07-05 08:57:00,161:INFO: Batch input size   : [256, 3, 320, 320]
2021-07-05 08:57:00,161:INFO: Batch feature size : [256, 128, 80, 80]

2021-07-05 08:57:00,675:INFO: [Assigning labels] 0 / 194
2021-07-05 09:10:09,686:INFO: -Cluster labels ready. [0:0:28:43]

2021-07-05 09:10:09,688:INFO: Start training ...
2021-07-05 09:10:26,880:INFO: Batch input size   : [128, 3, 320, 320]
2021-07-05 09:10:26,880:INFO: Batch label size   : [128, 80, 80]
2021-07-05 09:10:26,880:INFO: Batch feature size : [128, 128, 80, 80]

2021-07-05 09:10:27,599:INFO: 0 / 388	
2021-07-05 09:23:49,661:INFO: 200 / 388	
2021-07-05 09:36:19,551:INFO: ====== METRIC TEST : cosine ======

2021-07-05 09:36:24,602:INFO: Batch input size   : [128, 3, 320, 320]
2021-07-05 09:36:24,603:INFO: Batch label size   : [128, 320, 320]
2021-07-05 09:36:24,604:INFO: Batch feature size : [128, 128, 80, 80]

2021-07-05 09:36:25,080:INFO: 0/17
2021-07-05 09:36:44,033:INFO: ACC  - All  : 35.7271
2021-07-05 09:36:44,034:INFO: mIOU - All  : 12.7688
2021-07-05 09:36:44,034:INFO: ACC  - Thing: 57.7774
2021-07-05 09:36:44,034:INFO: mIOU - Thing: 24.4730
2021-07-05 09:36:44,035:INFO: ACC  - Stuff: 48.5053
2021-07-05 09:36:44,035:INFO: mIOU - Stuff: 19.3955
2021-07-05 09:36:44,051:INFO: ====== METRIC TEST : cosine ======

2021-07-05 09:36:49,177:INFO: Batch input size   : [128, 3, 320, 320]
2021-07-05 09:36:49,178:INFO: Batch label size   : [128, 320, 320]
2021-07-05 09:36:49,179:INFO: Batch feature size : [128, 128, 80, 80]

2021-07-05 09:36:49,581:INFO: 0/17
2021-07-05 09:37:08,368:INFO: ACC  - All  : 36.5636
2021-07-05 09:37:08,368:INFO: mIOU - All  : 13.0215
2021-07-05 09:37:08,369:INFO: ACC  - Thing: 66.2723
2021-07-05 09:37:08,369:INFO: mIOU - Thing: 27.7603
2021-07-05 09:37:08,369:INFO: ACC  - Stuff: 46.7110
2021-07-05 09:37:08,369:INFO: mIOU - Stuff: 16.5523
2021-07-05 09:37:08,375:INFO: ============== Epoch [1] ==============
2021-07-05 09:37:08,375:INFO:   Time: [0:1:28:11]
2021-07-05 09:37:08,375:INFO:   K-Means loss   : 0.20736 | 0.20275
2021-07-05 09:37:08,376:INFO:   Training Total Loss  : 2.59716
2021-07-05 09:37:08,376:INFO:   Training CE Loss (Total | Within | Across) : 2.59716 | 2.56937 | 2.62494
2021-07-05 09:37:08,376:INFO:   Training MSE Loss (Total) : 0.00000
2021-07-05 09:37:08,376:INFO:   [View 1] ACC: 35.7271 | mIoU: 12.7688
2021-07-05 09:37:08,376:INFO:   [View 2] ACC: 36.5636 | mIoU: 13.0215
2021-07-05 09:37:08,376:INFO: ========================================

2021-07-05 09:37:09,432:INFO: 
============================= [Epoch 2] =============================

2021-07-05 09:37:09,432:INFO: Start computing centroids.
2021-07-05 09:37:29,557:INFO: Batch input size : [256, 3, 320, 320]
2021-07-05 09:37:29,557:INFO: Batch feature : [256, 128, 80, 80]
2021-07-05 09:37:30,348:INFO: [Saving features]: 0 / 194 | [K-Means Loss]: 0.0000
2021-07-05 09:41:10,760:INFO: Initial k-means loss: 0.1301 
2021-07-05 09:47:09,174:INFO: [Saving features]: 100 / 194 | [K-Means Loss]: 0.1283
2021-07-05 09:54:43,296:INFO: Batch input size : [256, 3, 320, 320]
2021-07-05 09:54:43,297:INFO: Batch feature : [256, 128, 80, 80]
2021-07-05 09:54:43,961:INFO: [Saving features]: 0 / 194 | [K-Means Loss]: 0.0000
2021-07-05 09:58:23,974:INFO: Initial k-means loss: 0.1239 
2021-07-05 10:03:32,320:INFO: [Saving features]: 100 / 194 | [K-Means Loss]: 0.1225
2021-07-05 10:09:47,624:INFO: -Centroids ready. [Loss: 0.12872| 0.12294/ Time: 0:0:32:38]

2021-07-05 10:10:06,909:INFO: Centroid size      : [27, 128]
2021-07-05 10:10:06,910:INFO: Batch input size   : [256, 3, 320, 320]
2021-07-05 10:10:06,910:INFO: Batch feature size : [256, 128, 80, 80]

2021-07-05 10:10:08,101:INFO: [Assigning labels] 0 / 194
2021-07-05 10:25:32,806:INFO: Centroid size      : [27, 128]
2021-07-05 10:25:32,807:INFO: Batch input size   : [256, 3, 320, 320]
2021-07-05 10:25:32,807:INFO: Batch feature size : [256, 128, 80, 80]

2021-07-05 10:25:33,271:INFO: [Assigning labels] 0 / 194
2021-07-05 10:38:37,376:INFO: -Cluster labels ready. [0:0:28:50]

2021-07-05 10:38:37,378:INFO: Start training ...
2021-07-05 10:38:55,219:INFO: Batch input size   : [128, 3, 320, 320]
2021-07-05 10:38:55,219:INFO: Batch label size   : [128, 80, 80]
2021-07-05 10:38:55,219:INFO: Batch feature size : [128, 128, 80, 80]

2021-07-05 10:38:55,900:INFO: 0 / 388	
2021-07-05 10:51:54,658:INFO: 200 / 388	
2021-07-05 11:04:05,964:INFO: ====== METRIC TEST : cosine ======

2021-07-05 11:04:10,713:INFO: Batch input size   : [128, 3, 320, 320]
2021-07-05 11:04:10,714:INFO: Batch label size   : [128, 320, 320]
2021-07-05 11:04:10,714:INFO: Batch feature size : [128, 128, 80, 80]

2021-07-05 11:04:11,588:INFO: 0/17
2021-07-05 11:04:30,311:INFO: ACC  - All  : 38.8675
2021-07-05 11:04:30,312:INFO: mIOU - All  : 13.5641
2021-07-05 11:04:30,312:INFO: ACC  - Thing: 61.8756
2021-07-05 11:04:30,312:INFO: mIOU - Thing: 24.3878
2021-07-05 11:04:30,312:INFO: ACC  - Stuff: 55.7223
2021-07-05 11:04:30,312:INFO: mIOU - Stuff: 21.1031
2021-07-05 11:04:30,318:INFO: ====== METRIC TEST : cosine ======

2021-07-05 11:04:35,516:INFO: Batch input size   : [128, 3, 320, 320]
2021-07-05 11:04:35,517:INFO: Batch label size   : [128, 320, 320]
2021-07-05 11:04:35,517:INFO: Batch feature size : [128, 128, 80, 80]

2021-07-05 11:04:35,941:INFO: 0/17
2021-07-05 11:04:55,019:INFO: ACC  - All  : 38.4003
2021-07-05 11:04:55,019:INFO: mIOU - All  : 13.4782
2021-07-05 11:04:55,020:INFO: ACC  - Thing: 65.1143
2021-07-05 11:04:55,020:INFO: mIOU - Thing: 24.7133
2021-07-05 11:04:55,020:INFO: ACC  - Stuff: 54.8060
2021-07-05 11:04:55,020:INFO: mIOU - Stuff: 22.0333
2021-07-05 11:04:55,026:INFO: ============== Epoch [2] ==============
2021-07-05 11:04:55,026:INFO:   Time: [0:1:27:46]
2021-07-05 11:04:55,026:INFO:   K-Means loss   : 0.12872 | 0.12294
2021-07-05 11:04:55,026:INFO:   Training Total Loss  : 2.51809
2021-07-05 11:04:55,026:INFO:   Training CE Loss (Total | Within | Across) : 2.51809 | 2.49343 | 2.54275
2021-07-05 11:04:55,026:INFO:   Training MSE Loss (Total) : 0.00000
2021-07-05 11:04:55,026:INFO:   [View 1] ACC: 38.8675 | mIoU: 13.5641
2021-07-05 11:04:55,027:INFO:   [View 2] ACC: 38.4003 | mIoU: 13.4782
2021-07-05 11:04:55,027:INFO: ========================================

2021-07-05 11:04:55,979:INFO: 
============================= [Epoch 3] =============================

2021-07-05 11:04:55,979:INFO: Start computing centroids.
2021-07-05 11:05:15,880:INFO: Batch input size : [256, 3, 320, 320]
2021-07-05 11:05:15,880:INFO: Batch feature : [256, 128, 80, 80]
2021-07-05 11:05:16,792:INFO: [Saving features]: 0 / 194 | [K-Means Loss]: 0.0000
2021-07-05 11:08:48,596:INFO: Initial k-means loss: 0.0932 
2021-07-05 11:14:55,726:INFO: [Saving features]: 100 / 194 | [K-Means Loss]: 0.0935
2021-07-05 11:22:22,266:INFO: Batch input size : [256, 3, 320, 320]
2021-07-05 11:22:22,267:INFO: Batch feature : [256, 128, 80, 80]
2021-07-05 11:22:22,927:INFO: [Saving features]: 0 / 194 | [K-Means Loss]: 0.0000
2021-07-05 11:25:57,927:INFO: Initial k-means loss: 0.0884 
2021-07-05 11:31:20,851:INFO: [Saving features]: 100 / 194 | [K-Means Loss]: 0.0884
2021-07-05 11:37:33,748:INFO: -Centroids ready. [Loss: 0.09391| 0.08851/ Time: 0:0:32:38]

2021-07-05 11:37:53,344:INFO: Centroid size      : [27, 128]
2021-07-05 11:37:53,345:INFO: Batch input size   : [256, 3, 320, 320]
2021-07-05 11:37:53,345:INFO: Batch feature size : [256, 128, 80, 80]

2021-07-05 11:37:54,073:INFO: [Assigning labels] 0 / 194
2021-07-05 11:53:21,900:INFO: Centroid size      : [27, 128]
2021-07-05 11:53:21,900:INFO: Batch input size   : [256, 3, 320, 320]
2021-07-05 11:53:21,900:INFO: Batch feature size : [256, 128, 80, 80]

2021-07-05 11:53:22,832:INFO: [Assigning labels] 0 / 194
2021-07-05 12:06:28,498:INFO: -Cluster labels ready. [0:0:28:55]

2021-07-05 12:06:28,501:INFO: Start training ...
2021-07-05 12:06:45,997:INFO: Batch input size   : [128, 3, 320, 320]
2021-07-05 12:06:45,997:INFO: Batch label size   : [128, 80, 80]
2021-07-05 12:06:45,997:INFO: Batch feature size : [128, 128, 80, 80]

2021-07-05 12:06:46,679:INFO: 0 / 388	
2021-07-05 12:20:15,195:INFO: 200 / 388	
2021-07-05 12:32:58,314:INFO: ====== METRIC TEST : cosine ======

2021-07-05 12:33:03,605:INFO: Batch input size   : [128, 3, 320, 320]
2021-07-05 12:33:03,605:INFO: Batch label size   : [128, 320, 320]
2021-07-05 12:33:03,606:INFO: Batch feature size : [128, 128, 80, 80]

2021-07-05 12:33:04,129:INFO: 0/17
2021-07-05 12:33:22,899:INFO: ACC  - All  : 40.6558
2021-07-05 12:33:22,899:INFO: mIOU - All  : 13.7211
2021-07-05 12:33:22,899:INFO: ACC  - Thing: 63.2446
2021-07-05 12:33:22,899:INFO: mIOU - Thing: 24.6596
2021-07-05 12:33:22,900:INFO: ACC  - Stuff: 52.2260
2021-07-05 12:33:22,900:INFO: mIOU - Stuff: 20.5830
2021-07-05 12:33:22,906:INFO: ====== METRIC TEST : cosine ======

2021-07-05 12:33:27,822:INFO: Batch input size   : [128, 3, 320, 320]
2021-07-05 12:33:27,822:INFO: Batch label size   : [128, 320, 320]
2021-07-05 12:33:27,822:INFO: Batch feature size : [128, 128, 80, 80]

2021-07-05 12:33:28,206:INFO: 0/17
2021-07-05 12:33:47,602:INFO: ACC  - All  : 40.7657
2021-07-05 12:33:47,602:INFO: mIOU - All  : 13.8802
2021-07-05 12:33:47,602:INFO: ACC  - Thing: 61.6758
2021-07-05 12:33:47,602:INFO: mIOU - Thing: 22.6488
2021-07-05 12:33:47,603:INFO: ACC  - Stuff: 57.3767
2021-07-05 12:33:47,603:INFO: mIOU - Stuff: 21.8570
2021-07-05 12:33:47,609:INFO: ============== Epoch [3] ==============
2021-07-05 12:33:47,609:INFO:   Time: [0:1:28:52]
2021-07-05 12:33:47,609:INFO:   K-Means loss   : 0.09391 | 0.08851
2021-07-05 12:33:47,609:INFO:   Training Total Loss  : 2.49626
2021-07-05 12:33:47,609:INFO:   Training CE Loss (Total | Within | Across) : 2.49626 | 2.47259 | 2.51992
2021-07-05 12:33:47,609:INFO:   Training MSE Loss (Total) : 0.00000
2021-07-05 12:33:47,609:INFO:   [View 1] ACC: 40.6558 | mIoU: 13.7211
2021-07-05 12:33:47,609:INFO:   [View 2] ACC: 40.7657 | mIoU: 13.8802
2021-07-05 12:33:47,609:INFO: ========================================

2021-07-05 12:33:48,776:INFO: 
============================= [Epoch 4] =============================

2021-07-05 12:33:48,776:INFO: Start computing centroids.
2021-07-05 12:34:08,656:INFO: Batch input size : [256, 3, 320, 320]
2021-07-05 12:34:08,657:INFO: Batch feature : [256, 128, 80, 80]
2021-07-05 12:34:09,462:INFO: [Saving features]: 0 / 194 | [K-Means Loss]: 0.0000
2021-07-05 12:37:54,660:INFO: Initial k-means loss: 0.0803 
2021-07-05 12:44:02,544:INFO: [Saving features]: 100 / 194 | [K-Means Loss]: 0.0808
2021-07-05 12:51:47,888:INFO: Batch input size : [256, 3, 320, 320]
2021-07-05 12:51:47,889:INFO: Batch feature : [256, 128, 80, 80]
2021-07-05 12:51:48,473:INFO: [Saving features]: 0 / 194 | [K-Means Loss]: 0.0000
2021-07-05 12:55:20,286:INFO: Initial k-means loss: 0.0828 
2021-07-05 13:00:36,065:INFO: [Saving features]: 100 / 194 | [K-Means Loss]: 0.0827
2021-07-05 13:06:45,178:INFO: -Centroids ready. [Loss: 0.08076| 0.08296/ Time: 0:0:32:57]

2021-07-05 13:07:04,298:INFO: Centroid size      : [27, 128]
2021-07-05 13:07:04,298:INFO: Batch input size   : [256, 3, 320, 320]
2021-07-05 13:07:04,298:INFO: Batch feature size : [256, 128, 80, 80]

2021-07-05 13:07:05,037:INFO: [Assigning labels] 0 / 194
2021-07-05 13:22:29,228:INFO: Centroid size      : [27, 128]
2021-07-05 13:22:29,228:INFO: Batch input size   : [256, 3, 320, 320]
2021-07-05 13:22:29,228:INFO: Batch feature size : [256, 128, 80, 80]

2021-07-05 13:22:29,672:INFO: [Assigning labels] 0 / 194
2021-07-05 13:35:33,156:INFO: -Cluster labels ready. [0:0:28:48]

2021-07-05 13:35:33,158:INFO: Start training ...
2021-07-05 13:35:50,546:INFO: Batch input size   : [128, 3, 320, 320]
2021-07-05 13:35:50,547:INFO: Batch label size   : [128, 80, 80]
2021-07-05 13:35:50,547:INFO: Batch feature size : [128, 128, 80, 80]

2021-07-05 13:35:51,225:INFO: 0 / 388	
2021-07-05 13:48:57,125:INFO: 200 / 388	
2021-07-05 14:01:05,874:INFO: ====== METRIC TEST : cosine ======

2021-07-05 14:01:10,674:INFO: Batch input size   : [128, 3, 320, 320]
2021-07-05 14:01:10,675:INFO: Batch label size   : [128, 320, 320]
2021-07-05 14:01:10,675:INFO: Batch feature size : [128, 128, 80, 80]

2021-07-05 14:01:11,333:INFO: 0/17
2021-07-05 14:01:29,910:INFO: ACC  - All  : 42.8307
2021-07-05 14:01:29,910:INFO: mIOU - All  : 13.0783
2021-07-05 14:01:29,910:INFO: ACC  - Thing: 46.3113
2021-07-05 14:01:29,911:INFO: mIOU - Thing: 15.5661
2021-07-05 14:01:29,911:INFO: ACC  - Stuff: 66.1883
2021-07-05 14:01:29,911:INFO: mIOU - Stuff: 25.1937
2021-07-05 14:01:29,917:INFO: ====== METRIC TEST : cosine ======

2021-07-05 14:01:34,776:INFO: Batch input size   : [128, 3, 320, 320]
2021-07-05 14:01:34,777:INFO: Batch label size   : [128, 320, 320]
2021-07-05 14:01:34,777:INFO: Batch feature size : [128, 128, 80, 80]

2021-07-05 14:01:35,235:INFO: 0/17
2021-07-05 14:01:54,004:INFO: ACC  - All  : 43.7869
2021-07-05 14:01:54,004:INFO: mIOU - All  : 13.0121
2021-07-05 14:01:54,004:INFO: ACC  - Thing: 50.7272
2021-07-05 14:01:54,004:INFO: mIOU - Thing: 14.7518
2021-07-05 14:01:54,005:INFO: ACC  - Stuff: 66.3632
2021-07-05 14:01:54,005:INFO: mIOU - Stuff: 22.7766
2021-07-05 14:01:54,011:INFO: ============== Epoch [4] ==============
2021-07-05 14:01:54,011:INFO:   Time: [0:1:28:6]
2021-07-05 14:01:54,011:INFO:   K-Means loss   : 0.08076 | 0.08296
2021-07-05 14:01:54,011:INFO:   Training Total Loss  : 2.43174
2021-07-05 14:01:54,011:INFO:   Training CE Loss (Total | Within | Across) : 2.43174 | 2.40974 | 2.45374
2021-07-05 14:01:54,012:INFO:   Training MSE Loss (Total) : 0.00000
2021-07-05 14:01:54,012:INFO:   [View 1] ACC: 42.8307 | mIoU: 13.0783
2021-07-05 14:01:54,012:INFO:   [View 2] ACC: 43.7869 | mIoU: 13.0121
2021-07-05 14:01:54,012:INFO: ========================================

2021-07-05 14:01:54,937:INFO: 
============================= [Epoch 5] =============================

2021-07-05 14:01:54,937:INFO: Start computing centroids.
2021-07-05 14:02:14,851:INFO: Batch input size : [256, 3, 320, 320]
2021-07-05 14:02:14,852:INFO: Batch feature : [256, 128, 80, 80]
2021-07-05 14:02:15,938:INFO: [Saving features]: 0 / 194 | [K-Means Loss]: 0.0000
2021-07-05 14:05:47,138:INFO: Initial k-means loss: 0.0644 
2021-07-05 14:11:53,486:INFO: [Saving features]: 100 / 194 | [K-Means Loss]: 0.0644
2021-07-05 14:19:22,120:INFO: Batch input size : [256, 3, 320, 320]
2021-07-05 14:19:22,122:INFO: Batch feature : [256, 128, 80, 80]
2021-07-05 14:19:22,776:INFO: [Saving features]: 0 / 194 | [K-Means Loss]: 0.0000
2021-07-05 14:22:55,282:INFO: Initial k-means loss: 0.0614 
2021-07-05 14:28:18,872:INFO: [Saving features]: 100 / 194 | [K-Means Loss]: 0.0614
2021-07-05 14:34:28,626:INFO: -Centroids ready. [Loss: 0.06405| 0.06103/ Time: 0:0:32:34]

2021-07-05 14:34:47,967:INFO: Centroid size      : [27, 128]
2021-07-05 14:34:47,968:INFO: Batch input size   : [256, 3, 320, 320]
2021-07-05 14:34:47,968:INFO: Batch feature size : [256, 128, 80, 80]

2021-07-05 14:34:48,645:INFO: [Assigning labels] 0 / 194
2021-07-05 14:49:58,074:INFO: Centroid size      : [27, 128]
2021-07-05 14:49:58,075:INFO: Batch input size   : [256, 3, 320, 320]
2021-07-05 14:49:58,075:INFO: Batch feature size : [256, 128, 80, 80]

2021-07-05 14:49:58,702:INFO: [Assigning labels] 0 / 194
2021-07-05 15:03:04,658:INFO: -Cluster labels ready. [0:0:28:36]

2021-07-05 15:03:04,660:INFO: Start training ...
2021-07-05 15:03:21,619:INFO: Batch input size   : [128, 3, 320, 320]
2021-07-05 15:03:21,619:INFO: Batch label size   : [128, 80, 80]
2021-07-05 15:03:21,620:INFO: Batch feature size : [128, 128, 80, 80]

2021-07-05 15:03:22,297:INFO: 0 / 388	
2021-07-05 15:16:15,279:INFO: 200 / 388	
2021-07-05 15:28:41,207:INFO: ====== METRIC TEST : cosine ======

2021-07-05 15:28:46,607:INFO: Batch input size   : [128, 3, 320, 320]
2021-07-05 15:28:46,608:INFO: Batch label size   : [128, 320, 320]
2021-07-05 15:28:46,608:INFO: Batch feature size : [128, 128, 80, 80]

2021-07-05 15:28:46,973:INFO: 0/17
2021-07-05 15:29:05,393:INFO: ACC  - All  : 44.1836
2021-07-05 15:29:05,393:INFO: mIOU - All  : 13.4839
2021-07-05 15:29:05,393:INFO: ACC  - Thing: 63.3578
2021-07-05 15:29:05,393:INFO: mIOU - Thing: 18.4625
2021-07-05 15:29:05,394:INFO: ACC  - Stuff: 62.1350
2021-07-05 15:29:05,394:INFO: mIOU - Stuff: 23.5628
2021-07-05 15:29:05,399:INFO: ====== METRIC TEST : cosine ======

2021-07-05 15:29:10,251:INFO: Batch input size   : [128, 3, 320, 320]
2021-07-05 15:29:10,252:INFO: Batch label size   : [128, 320, 320]
2021-07-05 15:29:10,253:INFO: Batch feature size : [128, 128, 80, 80]

2021-07-05 15:29:10,851:INFO: 0/17
2021-07-05 15:29:29,758:INFO: ACC  - All  : 44.1760
2021-07-05 15:29:29,759:INFO: mIOU - All  : 13.3844
2021-07-05 15:29:29,759:INFO: ACC  - Thing: 49.4184
2021-07-05 15:29:29,760:INFO: mIOU - Thing: 13.1640
2021-07-05 15:29:29,760:INFO: ACC  - Stuff: 59.9379
2021-07-05 15:29:29,760:INFO: mIOU - Stuff: 26.0522
2021-07-05 15:29:29,776:INFO: ============== Epoch [5] ==============
2021-07-05 15:29:29,777:INFO:   Time: [0:1:27:35]
2021-07-05 15:29:29,777:INFO:   K-Means loss   : 0.06405 | 0.06103
2021-07-05 15:29:29,777:INFO:   Training Total Loss  : 2.49500
2021-07-05 15:29:29,777:INFO:   Training CE Loss (Total | Within | Across) : 2.49500 | 2.47421 | 2.51579
2021-07-05 15:29:29,777:INFO:   Training MSE Loss (Total) : 0.00000
2021-07-05 15:29:29,777:INFO:   [View 1] ACC: 44.1836 | mIoU: 13.4839
2021-07-05 15:29:29,777:INFO:   [View 2] ACC: 44.1760 | mIoU: 13.3844
2021-07-05 15:29:29,777:INFO: ========================================

2021-07-05 15:29:30,889:INFO: 
============================= [Epoch 6] =============================

2021-07-05 15:29:30,889:INFO: Start computing centroids.
2021-07-05 15:29:51,041:INFO: Batch input size : [256, 3, 320, 320]
2021-07-05 15:29:51,042:INFO: Batch feature : [256, 128, 80, 80]
2021-07-05 15:29:51,815:INFO: [Saving features]: 0 / 194 | [K-Means Loss]: 0.0000
2021-07-05 15:33:28,036:INFO: Initial k-means loss: 0.0696 
2021-07-05 15:39:33,774:INFO: [Saving features]: 100 / 194 | [K-Means Loss]: 0.0695
2021-07-05 15:47:06,738:INFO: Batch input size : [256, 3, 320, 320]
2021-07-05 15:47:06,738:INFO: Batch feature : [256, 128, 80, 80]
2021-07-05 15:47:07,338:INFO: [Saving features]: 0 / 194 | [K-Means Loss]: 0.0000
2021-07-05 15:50:35,316:INFO: Initial k-means loss: 0.0628 
2021-07-05 15:56:03,264:INFO: [Saving features]: 100 / 194 | [K-Means Loss]: 0.0621
2021-07-05 16:02:14,047:INFO: -Centroids ready. [Loss: 0.06949| 0.06246/ Time: 0:0:32:44]

2021-07-05 16:02:34,124:INFO: Centroid size      : [27, 128]
2021-07-05 16:02:34,124:INFO: Batch input size   : [256, 3, 320, 320]
2021-07-05 16:02:34,124:INFO: Batch feature size : [256, 128, 80, 80]

2021-07-05 16:02:34,826:INFO: [Assigning labels] 0 / 194
2021-07-05 16:17:52,989:INFO: Centroid size      : [27, 128]
2021-07-05 16:17:52,990:INFO: Batch input size   : [256, 3, 320, 320]
2021-07-05 16:17:52,990:INFO: Batch feature size : [256, 128, 80, 80]

2021-07-05 16:17:53,517:INFO: [Assigning labels] 0 / 194
2021-07-05 16:30:59,523:INFO: -Cluster labels ready. [0:0:28:45]

2021-07-05 16:30:59,525:INFO: Start training ...
2021-07-05 16:31:16,571:INFO: Batch input size   : [128, 3, 320, 320]
2021-07-05 16:31:16,572:INFO: Batch label size   : [128, 80, 80]
2021-07-05 16:31:16,572:INFO: Batch feature size : [128, 128, 80, 80]

2021-07-05 16:31:17,253:INFO: 0 / 388	
2021-07-05 16:44:30,474:INFO: 200 / 388	
2021-07-05 16:56:35,387:INFO: ====== METRIC TEST : cosine ======

2021-07-05 16:56:40,359:INFO: Batch input size   : [128, 3, 320, 320]
2021-07-05 16:56:40,360:INFO: Batch label size   : [128, 320, 320]
2021-07-05 16:56:40,360:INFO: Batch feature size : [128, 128, 80, 80]

2021-07-05 16:56:41,068:INFO: 0/17
2021-07-05 16:56:59,978:INFO: ACC  - All  : 45.2239
2021-07-05 16:56:59,979:INFO: mIOU - All  : 12.6861
2021-07-05 16:56:59,979:INFO: ACC  - Thing: 43.4386
2021-07-05 16:56:59,979:INFO: mIOU - Thing: 13.9226
2021-07-05 16:56:59,979:INFO: ACC  - Stuff: 62.8225
2021-07-05 16:56:59,979:INFO: mIOU - Stuff: 21.2194
2021-07-05 16:56:59,985:INFO: ====== METRIC TEST : cosine ======

2021-07-05 16:57:05,089:INFO: Batch input size   : [128, 3, 320, 320]
2021-07-05 16:57:05,090:INFO: Batch label size   : [128, 320, 320]
2021-07-05 16:57:05,090:INFO: Batch feature size : [128, 128, 80, 80]

2021-07-05 16:57:05,580:INFO: 0/17
2021-07-05 16:57:25,745:INFO: ACC  - All  : 45.0507
2021-07-05 16:57:25,745:INFO: mIOU - All  : 12.6829
2021-07-05 16:57:25,745:INFO: ACC  - Thing: 67.1061
2021-07-05 16:57:25,745:INFO: mIOU - Thing: 24.3797
2021-07-05 16:57:25,746:INFO: ACC  - Stuff: 62.0907
2021-07-05 16:57:25,746:INFO: mIOU - Stuff: 19.9051
2021-07-05 16:57:25,754:INFO: ============== Epoch [6] ==============
2021-07-05 16:57:25,755:INFO:   Time: [0:1:27:55]
2021-07-05 16:57:25,755:INFO:   K-Means loss   : 0.06949 | 0.06246
2021-07-05 16:57:25,755:INFO:   Training Total Loss  : 2.46611
2021-07-05 16:57:25,755:INFO:   Training CE Loss (Total | Within | Across) : 2.46611 | 2.44424 | 2.48799
2021-07-05 16:57:25,755:INFO:   Training MSE Loss (Total) : 0.00000
2021-07-05 16:57:25,755:INFO:   [View 1] ACC: 45.2239 | mIoU: 12.6861
2021-07-05 16:57:25,755:INFO:   [View 2] ACC: 45.0507 | mIoU: 12.6829
2021-07-05 16:57:25,755:INFO: ========================================

2021-07-05 16:57:26,743:INFO: 
============================= [Epoch 7] =============================

2021-07-05 16:57:26,743:INFO: Start computing centroids.
2021-07-05 16:57:47,132:INFO: Batch input size : [256, 3, 320, 320]
2021-07-05 16:57:47,133:INFO: Batch feature : [256, 128, 80, 80]
2021-07-05 16:57:47,916:INFO: [Saving features]: 0 / 194 | [K-Means Loss]: 0.0000
2021-07-05 17:01:30,610:INFO: Initial k-means loss: 0.0536 
2021-07-05 17:07:44,769:INFO: [Saving features]: 100 / 194 | [K-Means Loss]: 0.0551
2021-07-05 17:15:14,959:INFO: Batch input size : [256, 3, 320, 320]
2021-07-05 17:15:14,959:INFO: Batch feature : [256, 128, 80, 80]
2021-07-05 17:15:15,658:INFO: [Saving features]: 0 / 194 | [K-Means Loss]: 0.0000
2021-07-05 17:18:40,166:INFO: Initial k-means loss: 0.0493 
2021-07-05 17:24:02,343:INFO: [Saving features]: 100 / 194 | [K-Means Loss]: 0.0506
2021-07-05 17:30:32,624:INFO: -Centroids ready. [Loss: 0.05493| 0.05030/ Time: 0:0:33:6]

2021-07-05 17:30:53,267:INFO: Centroid size      : [27, 128]
2021-07-05 17:30:53,268:INFO: Batch input size   : [256, 3, 320, 320]
2021-07-05 17:30:53,268:INFO: Batch feature size : [256, 128, 80, 80]

2021-07-05 17:30:53,962:INFO: [Assigning labels] 0 / 194
2021-07-05 17:46:14,890:INFO: Centroid size      : [27, 128]
2021-07-05 17:46:14,890:INFO: Batch input size   : [256, 3, 320, 320]
2021-07-05 17:46:14,890:INFO: Batch feature size : [256, 128, 80, 80]

2021-07-05 17:46:15,498:INFO: [Assigning labels] 0 / 194
2021-07-05 17:59:38,807:INFO: -Cluster labels ready. [0:0:29:6]

2021-07-05 17:59:38,810:INFO: Start training ...
2021-07-05 17:59:56,942:INFO: Batch input size   : [128, 3, 320, 320]
2021-07-05 17:59:56,943:INFO: Batch label size   : [128, 80, 80]
2021-07-05 17:59:56,943:INFO: Batch feature size : [128, 128, 80, 80]

2021-07-05 17:59:57,625:INFO: 0 / 388	
2021-07-05 18:13:33,811:INFO: 200 / 388	
2021-07-05 18:26:08,376:INFO: ====== METRIC TEST : cosine ======

2021-07-05 18:26:13,307:INFO: Batch input size   : [128, 3, 320, 320]
2021-07-05 18:26:13,307:INFO: Batch label size   : [128, 320, 320]
2021-07-05 18:26:13,307:INFO: Batch feature size : [128, 128, 80, 80]

2021-07-05 18:26:13,776:INFO: 0/17
2021-07-05 18:26:33,042:INFO: ACC  - All  : 45.9641
2021-07-05 18:26:33,042:INFO: mIOU - All  : 12.9355
2021-07-05 18:26:33,043:INFO: ACC  - Thing: 60.4676
2021-07-05 18:26:33,043:INFO: mIOU - Thing: 19.2774
2021-07-05 18:26:33,043:INFO: ACC  - Stuff: 62.4474
2021-07-05 18:26:33,043:INFO: mIOU - Stuff: 20.7682
2021-07-05 18:26:33,049:INFO: ====== METRIC TEST : cosine ======

2021-07-05 18:26:38,363:INFO: Batch input size   : [128, 3, 320, 320]
2021-07-05 18:26:38,364:INFO: Batch label size   : [128, 320, 320]
2021-07-05 18:26:38,364:INFO: Batch feature size : [128, 128, 80, 80]

2021-07-05 18:26:38,892:INFO: 0/17
2021-07-05 18:26:57,841:INFO: ACC  - All  : 46.0901
2021-07-05 18:26:57,842:INFO: mIOU - All  : 12.7512
2021-07-05 18:26:57,842:INFO: ACC  - Thing: 57.5875
2021-07-05 18:26:57,842:INFO: mIOU - Thing: 18.7036
2021-07-05 18:26:57,842:INFO: ACC  - Stuff: 62.3103
2021-07-05 18:26:57,842:INFO: mIOU - Stuff: 18.0520
2021-07-05 18:26:57,848:INFO: ============== Epoch [7] ==============
2021-07-05 18:26:57,849:INFO:   Time: [0:1:29:31]
2021-07-05 18:26:57,849:INFO:   K-Means loss   : 0.05493 | 0.05030
2021-07-05 18:26:57,849:INFO:   Training Total Loss  : 2.44263
2021-07-05 18:26:57,849:INFO:   Training CE Loss (Total | Within | Across) : 2.44263 | 2.42132 | 2.46394
2021-07-05 18:26:57,849:INFO:   Training MSE Loss (Total) : 0.00000
2021-07-05 18:26:57,849:INFO:   [View 1] ACC: 45.9641 | mIoU: 12.9355
2021-07-05 18:26:57,849:INFO:   [View 2] ACC: 46.0901 | mIoU: 12.7512
2021-07-05 18:26:57,849:INFO: ========================================

2021-07-05 18:26:58,831:INFO: 
============================= [Epoch 8] =============================

2021-07-05 18:26:58,831:INFO: Start computing centroids.
2021-07-05 18:27:20,641:INFO: Batch input size : [256, 3, 320, 320]
2021-07-05 18:27:20,642:INFO: Batch feature : [256, 128, 80, 80]
2021-07-05 18:27:21,462:INFO: [Saving features]: 0 / 194 | [K-Means Loss]: 0.0000
2021-07-05 18:31:17,674:INFO: Initial k-means loss: 0.0510 
2021-07-05 18:37:24,163:INFO: [Saving features]: 100 / 194 | [K-Means Loss]: 0.0509
2021-07-05 18:44:58,130:INFO: Batch input size : [256, 3, 320, 320]
2021-07-05 18:44:58,131:INFO: Batch feature : [256, 128, 80, 80]
2021-07-05 18:44:58,719:INFO: [Saving features]: 0 / 194 | [K-Means Loss]: 0.0000
2021-07-05 18:48:40,184:INFO: Initial k-means loss: 0.0491 
2021-07-05 18:54:06,704:INFO: [Saving features]: 100 / 194 | [K-Means Loss]: 0.0492
2021-07-05 19:00:35,210:INFO: -Centroids ready. [Loss: 0.05097| 0.04923/ Time: 0:0:33:37]

2021-07-05 19:00:55,637:INFO: Centroid size      : [27, 128]
2021-07-05 19:00:55,638:INFO: Batch input size   : [256, 3, 320, 320]
2021-07-05 19:00:55,638:INFO: Batch feature size : [256, 128, 80, 80]

2021-07-05 19:00:56,400:INFO: [Assigning labels] 0 / 194
2021-07-05 19:16:17,001:INFO: Centroid size      : [27, 128]
2021-07-05 19:16:17,002:INFO: Batch input size   : [256, 3, 320, 320]
2021-07-05 19:16:17,002:INFO: Batch feature size : [256, 128, 80, 80]

2021-07-05 19:16:17,516:INFO: [Assigning labels] 0 / 194
2021-07-05 19:29:46,103:INFO: -Cluster labels ready. [0:0:29:11]

2021-07-05 19:29:46,106:INFO: Start training ...
2021-07-05 19:30:03,764:INFO: Batch input size   : [128, 3, 320, 320]
2021-07-05 19:30:03,764:INFO: Batch label size   : [128, 80, 80]
2021-07-05 19:30:03,764:INFO: Batch feature size : [128, 128, 80, 80]

2021-07-05 19:30:04,445:INFO: 0 / 388	
2021-07-05 19:43:41,171:INFO: 200 / 388	
2021-07-05 19:56:03,411:INFO: ====== METRIC TEST : cosine ======

2021-07-05 19:56:08,829:INFO: Batch input size   : [128, 3, 320, 320]
2021-07-05 19:56:08,830:INFO: Batch label size   : [128, 320, 320]
2021-07-05 19:56:08,830:INFO: Batch feature size : [128, 128, 80, 80]

2021-07-05 19:56:09,397:INFO: 0/17
2021-07-05 19:56:27,302:INFO: ACC  - All  : 46.5369
2021-07-05 19:56:27,302:INFO: mIOU - All  : 12.7555
2021-07-05 19:56:27,302:INFO: ACC  - Thing: 58.8273
2021-07-05 19:56:27,302:INFO: mIOU - Thing: 17.1393
2021-07-05 19:56:27,303:INFO: ACC  - Stuff: 66.9519
2021-07-05 19:56:27,303:INFO: mIOU - Stuff: 21.0186
2021-07-05 19:56:27,308:INFO: ====== METRIC TEST : cosine ======

2021-07-05 19:56:31,797:INFO: Batch input size   : [128, 3, 320, 320]
2021-07-05 19:56:31,798:INFO: Batch label size   : [128, 320, 320]
2021-07-05 19:56:31,798:INFO: Batch feature size : [128, 128, 80, 80]

2021-07-05 19:56:32,347:INFO: 0/17
2021-07-05 19:56:51,324:INFO: ACC  - All  : 46.5204
2021-07-05 19:56:51,324:INFO: mIOU - All  : 12.7612
2021-07-05 19:56:51,325:INFO: ACC  - Thing: 61.4472
2021-07-05 19:56:51,325:INFO: mIOU - Thing: 12.2419
2021-07-05 19:56:51,325:INFO: ACC  - Stuff: 65.4961
2021-07-05 19:56:51,325:INFO: mIOU - Stuff: 25.2101
2021-07-05 19:56:51,331:INFO: ============== Epoch [8] ==============
2021-07-05 19:56:51,331:INFO:   Time: [0:1:29:53]
2021-07-05 19:56:51,331:INFO:   K-Means loss   : 0.05097 | 0.04923
2021-07-05 19:56:51,331:INFO:   Training Total Loss  : 2.45214
2021-07-05 19:56:51,331:INFO:   Training CE Loss (Total | Within | Across) : 2.45214 | 2.43123 | 2.47306
2021-07-05 19:56:51,331:INFO:   Training MSE Loss (Total) : 0.00000
2021-07-05 19:56:51,331:INFO:   [View 1] ACC: 46.5369 | mIoU: 12.7555
2021-07-05 19:56:51,331:INFO:   [View 2] ACC: 46.5204 | mIoU: 12.7612
2021-07-05 19:56:51,331:INFO: ========================================

2021-07-05 19:56:52,270:INFO: 
============================= [Epoch 9] =============================

2021-07-05 19:56:52,270:INFO: Start computing centroids.
2021-07-05 19:57:12,362:INFO: Batch input size : [256, 3, 320, 320]
2021-07-05 19:57:12,363:INFO: Batch feature : [256, 128, 80, 80]
2021-07-05 19:57:13,232:INFO: [Saving features]: 0 / 194 | [K-Means Loss]: 0.0000
2021-07-05 20:00:58,736:INFO: Initial k-means loss: 0.0473 
2021-07-05 20:06:59,308:INFO: [Saving features]: 100 / 194 | [K-Means Loss]: 0.0468
2021-07-05 20:14:30,650:INFO: Batch input size : [256, 3, 320, 320]
2021-07-05 20:14:30,651:INFO: Batch feature : [256, 128, 80, 80]
2021-07-05 20:14:31,229:INFO: [Saving features]: 0 / 194 | [K-Means Loss]: 0.0000
2021-07-05 20:18:03,471:INFO: Initial k-means loss: 0.0457 
2021-07-05 20:23:35,710:INFO: [Saving features]: 100 / 194 | [K-Means Loss]: 0.0450
2021-07-05 20:30:13,762:INFO: -Centroids ready. [Loss: 0.04683| 0.04513/ Time: 0:0:33:21]

2021-07-05 20:30:34,992:INFO: Centroid size      : [27, 128]
2021-07-05 20:30:34,992:INFO: Batch input size   : [256, 3, 320, 320]
2021-07-05 20:30:34,992:INFO: Batch feature size : [256, 128, 80, 80]

2021-07-05 20:30:35,704:INFO: [Assigning labels] 0 / 194
2021-07-05 20:46:14,270:INFO: Centroid size      : [27, 128]
2021-07-05 20:46:14,271:INFO: Batch input size   : [256, 3, 320, 320]
2021-07-05 20:46:14,271:INFO: Batch feature size : [256, 128, 80, 80]

2021-07-05 20:46:14,875:INFO: [Assigning labels] 0 / 194
2021-07-05 20:59:50,056:INFO: -Cluster labels ready. [0:0:29:37]

2021-07-05 20:59:50,058:INFO: Start training ...
2021-07-05 21:00:07,653:INFO: Batch input size   : [128, 3, 320, 320]
2021-07-05 21:00:07,653:INFO: Batch label size   : [128, 80, 80]
2021-07-05 21:00:07,653:INFO: Batch feature size : [128, 128, 80, 80]

2021-07-05 21:00:08,333:INFO: 0 / 388	
2021-07-05 21:13:38,893:INFO: 200 / 388	
2021-07-05 21:26:01,757:INFO: ====== METRIC TEST : cosine ======

2021-07-05 21:26:06,845:INFO: Batch input size   : [128, 3, 320, 320]
2021-07-05 21:26:06,846:INFO: Batch label size   : [128, 320, 320]
2021-07-05 21:26:06,846:INFO: Batch feature size : [128, 128, 80, 80]

2021-07-05 21:26:07,323:INFO: 0/17
2021-07-05 21:26:25,804:INFO: ACC  - All  : 47.7177
2021-07-05 21:26:25,805:INFO: mIOU - All  : 12.6510
2021-07-05 21:26:25,805:INFO: ACC  - Thing: 71.7339
2021-07-05 21:26:25,805:INFO: mIOU - Thing: 21.9921
2021-07-05 21:26:25,805:INFO: ACC  - Stuff: 66.5550
2021-07-05 21:26:25,805:INFO: mIOU - Stuff: 19.1480
2021-07-05 21:26:25,813:INFO: ====== METRIC TEST : cosine ======

2021-07-05 21:26:31,207:INFO: Batch input size   : [128, 3, 320, 320]
2021-07-05 21:26:31,208:INFO: Batch label size   : [128, 320, 320]
2021-07-05 21:26:31,208:INFO: Batch feature size : [128, 128, 80, 80]

2021-07-05 21:26:31,566:INFO: 0/17
2021-07-05 21:26:49,863:INFO: ACC  - All  : 47.9655
2021-07-05 21:26:49,863:INFO: mIOU - All  : 12.8206
2021-07-05 21:26:49,863:INFO: ACC  - Thing: 65.8370
2021-07-05 21:26:49,863:INFO: mIOU - Thing: 16.2155
2021-07-05 21:26:49,863:INFO: ACC  - Stuff: 71.7380
2021-07-05 21:26:49,864:INFO: mIOU - Stuff: 24.3545
2021-07-05 21:26:49,870:INFO: ============== Epoch [9] ==============
2021-07-05 21:26:49,871:INFO:   Time: [0:1:29:57]
2021-07-05 21:26:49,871:INFO:   K-Means loss   : 0.04683 | 0.04513
2021-07-05 21:26:49,871:INFO:   Training Total Loss  : 2.44997
2021-07-05 21:26:49,871:INFO:   Training CE Loss (Total | Within | Across) : 2.44997 | 2.42876 | 2.47118
2021-07-05 21:26:49,871:INFO:   Training MSE Loss (Total) : 0.00000
2021-07-05 21:26:49,871:INFO:   [View 1] ACC: 47.7177 | mIoU: 12.6510
2021-07-05 21:26:49,871:INFO:   [View 2] ACC: 47.9655 | mIoU: 12.8206
2021-07-05 21:26:49,871:INFO: ========================================

2021-07-05 21:26:50,380:INFO: Start computing centroids.
2021-07-05 21:26:55,283:INFO: Batch input size : [256, 3, 320, 320]
2021-07-05 21:26:55,284:INFO: Batch feature : [256, 128, 80, 80]
2021-07-05 21:26:56,096:INFO: [Saving features]: 0 / 194 | [K-Means Loss]: 0.0000
2021-07-05 21:29:51,415:INFO: Initial k-means loss: 0.0424 
2021-07-05 21:33:46,389:INFO: [Saving features]: 100 / 194 | [K-Means Loss]: 0.0427
2021-07-05 21:38:06,829:INFO: -Centroids ready. [Loss: 0.04227/ Time: 0:0:11:16]

2021-07-05 21:38:06,831:INFO: ====== METRIC TEST : cosine ======

2021-07-05 21:38:11,573:INFO: Batch input size   : [128, 3, 320, 320]
2021-07-05 21:38:11,574:INFO: Batch label size   : [128, 320, 320]
2021-07-05 21:38:11,574:INFO: Batch feature size : [128, 128, 80, 80]

2021-07-05 21:38:12,308:INFO: 0/17
2021-07-05 21:38:30,745:INFO: ACC  - All  : 47.3978
2021-07-05 21:38:30,746:INFO: mIOU - All  : 12.5901
2021-07-05 21:38:30,746:INFO: ACC  - Thing: 65.0323
2021-07-05 21:38:30,746:INFO: mIOU - Thing: 19.5058
2021-07-05 21:38:30,746:INFO: ACC  - Stuff: 68.4494
2021-07-05 21:38:30,746:INFO: mIOU - Stuff: 20.0682
2021-07-05 21:38:30,753:INFO: Average overall pixel accuracy [NEW] : 47.398 +/- 0.000.
2021-07-05 21:38:30,753:INFO: Average mIoU [NEW] : 12.590 +/- 0.000. 
2021-07-05 21:38:30,753:INFO: Experiment done. [0:14:58:30]

